<?xml version="1.0" encoding="UTF-8"?>
<testsuite name="com.example.firstproject.FirstprojectApplicationTests" tests="1" skipped="0" failures="0" errors="0" timestamp="2023-08-25T05:46:58" hostname="TwelfthMoon" time="0.003">
  <properties/>
  <testcase name="contextLoads()" classname="com.example.firstproject.FirstprojectApplicationTests" time="0.003"/>
  <system-out><![CDATA[2023-08-25T14:46:58.405+09:00  INFO 10378 --- [    Test worker] t.c.s.AnnotationConfigContextLoaderUtils : Could not detect default configuration classes for test class [com.example.firstproject.FirstprojectApplicationTests]: FirstprojectApplicationTests does not declare any static, non-private, non-final, nested classes annotated with @Configuration.
2023-08-25T14:46:58.409+09:00  INFO 10378 --- [    Test worker] .b.t.c.SpringBootTestContextBootstrapper : Found @SpringBootConfiguration com.example.firstproject.FirstprojectApplication for test class com.example.firstproject.FirstprojectApplicationTests
]]></system-out>
  <system-err><![CDATA[]]></system-err>
</testsuite>
