<?xml version="1.0" encoding="UTF-8"?>
<testsuite name="com.example.firstproject.service.ArticleSerivceTest" tests="1" skipped="0" failures="0" errors="0" timestamp="2023-08-24T08:02:41" hostname="TwelfthMoon" time="0.073">
  <properties/>
  <testcase name="index()" classname="com.example.firstproject.service.ArticleSerivceTest" time="0.073"/>
  <system-out><![CDATA[2023-08-24T17:02:41.769+09:00  INFO 43191 --- [    Test worker] t.c.s.AnnotationConfigContextLoaderUtils : Could not detect default configuration classes for test class [com.example.firstproject.service.ArticleSerivceTest]: ArticleSerivceTest does not declare any static, non-private, non-final, nested classes annotated with @Configuration.
2023-08-24T17:02:41.772+09:00  INFO 43191 --- [    Test worker] .b.t.c.SpringBootTestContextBootstrapper : Found @SpringBootConfiguration com.example.firstproject.FirstprojectApplication for test class com.example.firstproject.service.ArticleSerivceTest
2023-08-24T17:02:41.837+09:00 DEBUG 43191 --- [    Test worker] org.hibernate.SQL                        : 
    select
        a1_0.id,
        a1_0.content,
        a1_0.title 
    from
        article a1_0
]]></system-out>
  <system-err><![CDATA[]]></system-err>
</testsuite>
