<?xml version="1.0" encoding="UTF-8"?>
<testsuite name="com.example.firstproject.FirstprojectApplicationTests" tests="1" skipped="0" failures="0" errors="0" timestamp="2023-08-24T08:02:41" hostname="TwelfthMoon" time="0.315">
  <properties/>
  <testcase name="contextLoads()" classname="com.example.firstproject.FirstprojectApplicationTests" time="0.315"/>
  <system-out><![CDATA[17:02:39.467 [Test worker] INFO org.springframework.test.context.support.AnnotationConfigContextLoaderUtils -- Could not detect default configuration classes for test class [com.example.firstproject.FirstprojectApplicationTests]: FirstprojectApplicationTests does not declare any static, non-private, non-final, nested classes annotated with @Configuration.
17:02:39.512 [Test worker] INFO org.springframework.boot.test.context.SpringBootTestContextBootstrapper -- Found @SpringBootConfiguration com.example.firstproject.FirstprojectApplication for test class com.example.firstproject.FirstprojectApplicationTests

  .   ____          _            __ _ _
 /\\ / ___'_ __ _ _(_)_ __  __ _ \ \ \ \
( ( )\___ | '_ | '_| | '_ \/ _` | \ \ \ \
 \\/  ___)| |_)| | | | | || (_| |  ) ) ) )
  '  |____| .__|_| |_|_| |_\__, | / / / /
 =========|_|==============|___/=/_/_/_/
 :: Spring Boot ::                (v3.1.2)

2023-08-24T17:02:39.726+09:00  INFO 43191 --- [    Test worker] c.e.f.FirstprojectApplicationTests       : Starting FirstprojectApplicationTests using Java 17.0.8 with PID 43191 (started by sklee in /home/sklee/workspace/firstproject)
2023-08-24T17:02:39.727+09:00  INFO 43191 --- [    Test worker] c.e.f.FirstprojectApplicationTests       : No active profile set, falling back to 1 default profile: "default"
2023-08-24T17:02:40.064+09:00  INFO 43191 --- [    Test worker] .s.d.r.c.RepositoryConfigurationDelegate : Bootstrapping Spring Data JPA repositories in DEFAULT mode.
2023-08-24T17:02:40.094+09:00  INFO 43191 --- [    Test worker] .s.d.r.c.RepositoryConfigurationDelegate : Finished Spring Data repository scanning in 25 ms. Found 1 JPA repository interfaces.
2023-08-24T17:02:40.314+09:00  INFO 43191 --- [    Test worker] com.zaxxer.hikari.HikariDataSource       : HikariPool-1 - Starting...
2023-08-24T17:02:40.405+09:00  INFO 43191 --- [    Test worker] com.zaxxer.hikari.pool.HikariPool        : HikariPool-1 - Added connection conn0: url=jdbc:h2:mem:testdb user=SA
2023-08-24T17:02:40.406+09:00  INFO 43191 --- [    Test worker] com.zaxxer.hikari.HikariDataSource       : HikariPool-1 - Start completed.
2023-08-24T17:02:40.431+09:00  INFO 43191 --- [    Test worker] o.hibernate.jpa.internal.util.LogHelper  : HHH000204: Processing PersistenceUnitInfo [name: default]
2023-08-24T17:02:40.455+09:00  INFO 43191 --- [    Test worker] org.hibernate.Version                    : HHH000412: Hibernate ORM core version 6.2.6.Final
2023-08-24T17:02:40.456+09:00  INFO 43191 --- [    Test worker] org.hibernate.cfg.Environment            : HHH000406: Using bytecode reflection optimizer
2023-08-24T17:02:40.536+09:00  INFO 43191 --- [    Test worker] o.h.b.i.BytecodeProviderInitiator        : HHH000021: Bytecode provider name : bytebuddy
2023-08-24T17:02:40.612+09:00  INFO 43191 --- [    Test worker] o.s.o.j.p.SpringPersistenceUnitInfo      : No LoadTimeWeaver setup: ignoring JPA class transformer
2023-08-24T17:02:40.738+09:00  INFO 43191 --- [    Test worker] o.h.b.i.BytecodeProviderInitiator        : HHH000021: Bytecode provider name : bytebuddy
2023-08-24T17:02:41.009+09:00  INFO 43191 --- [    Test worker] o.h.e.t.j.p.i.JtaPlatformInitiator       : HHH000490: Using JtaPlatform implementation: [org.hibernate.engine.transaction.jta.platform.internal.NoJtaPlatform]
2023-08-24T17:02:41.016+09:00 DEBUG 43191 --- [    Test worker] org.hibernate.SQL                        : 
    drop table if exists article cascade 
2023-08-24T17:02:41.017+09:00 DEBUG 43191 --- [    Test worker] org.hibernate.SQL                        : 
    drop sequence if exists article_seq
2023-08-24T17:02:41.021+09:00 DEBUG 43191 --- [    Test worker] org.hibernate.SQL                        : 
    create sequence article_seq start with 1 increment by 50
2023-08-24T17:02:41.023+09:00 DEBUG 43191 --- [    Test worker] org.hibernate.SQL                        : 
    create table article (
        id bigint not null,
        content varchar(255),
        title varchar(255),
        primary key (id)
    )
2023-08-24T17:02:41.028+09:00  INFO 43191 --- [    Test worker] j.LocalContainerEntityManagerFactoryBean : Initialized JPA EntityManagerFactory for persistence unit 'default'
2023-08-24T17:02:41.222+09:00  WARN 43191 --- [    Test worker] JpaBaseConfiguration$JpaWebConfiguration : spring.jpa.open-in-view is enabled by default. Therefore, database queries may be performed during view rendering. Explicitly configure spring.jpa.open-in-view to disable this warning
2023-08-24T17:02:41.402+09:00  INFO 43191 --- [    Test worker] o.s.b.a.h2.H2ConsoleAutoConfiguration    : H2 console available at '/h2-console'. Database available at 'jdbc:h2:mem:testdb'
2023-08-24T17:02:41.442+09:00  INFO 43191 --- [    Test worker] c.e.f.FirstprojectApplicationTests       : Started FirstprojectApplicationTests in 1.86 seconds (process running for 2.398)
]]></system-out>
  <system-err><![CDATA[]]></system-err>
</testsuite>
